mode: atomic
lesson01-ebvn/docs/docs.go:71.13,73.2 1 0
lesson01-ebvn/internal/api/api.go:25.71,33.2 3 0
lesson01-ebvn/internal/api/api.go:36.32,38.2 1 0
lesson01-ebvn/internal/api/api.go:41.68,43.2 1 0
lesson01-ebvn/internal/api/api.go:46.31,53.2 6 0
lesson01-ebvn/internal/config/config.go:17.36,20.16 3 0
lesson01-ebvn/internal/config/config.go:20.16,22.3 1 0
lesson01-ebvn/internal/config/config.go:23.2,23.26 1 0
lesson01-ebvn/internal/config/config.go:23.26,25.3 1 0
lesson01-ebvn/internal/config/config.go:26.2,26.18 1 0
lesson01-ebvn/docs/docs.go:71.13,73.2 1 0
lesson01-ebvn/internal/api/api.go:25.71,33.2 3 0
lesson01-ebvn/internal/api/api.go:36.32,38.2 1 0
lesson01-ebvn/internal/api/api.go:41.68,43.2 1 0
lesson01-ebvn/internal/api/api.go:46.31,53.2 6 0
lesson01-ebvn/internal/config/config.go:17.36,20.16 3 0
lesson01-ebvn/internal/config/config.go:20.16,22.3 1 0
lesson01-ebvn/internal/config/config.go:23.2,23.26 1 0
lesson01-ebvn/internal/config/config.go:23.26,25.3 1 0
lesson01-ebvn/internal/config/config.go:26.2,26.18 1 0
lesson01-ebvn/internal/handler/book_mark_handler.go:16.75,20.2 1 4
lesson01-ebvn/internal/handler/book_mark_handler.go:27.57,34.2 2 1
lesson01-ebvn/internal/handler/book_mark_handler.go:41.56,43.47 2 3
lesson01-ebvn/internal/handler/book_mark_handler.go:43.47,49.3 2 1
lesson01-ebvn/internal/handler/book_mark_handler.go:50.2,51.16 2 2
lesson01-ebvn/internal/handler/book_mark_handler.go:51.16,57.3 2 1
lesson01-ebvn/internal/handler/book_mark_handler.go:58.2,61.4 1 1
lesson01-ebvn/internal/repository/url_repo.go:14.51,16.2 1 0
lesson01-ebvn/internal/repository/url_repo.go:19.79,21.2 1 0
lesson01-ebvn/internal/repository/url_repo.go:24.72,26.2 1 0
lesson01-ebvn/internal/service/book_mark_service.go:18.86,24.2 1 0
lesson01-ebvn/internal/service/book_mark_service.go:27.60,29.2 1 0
lesson01-ebvn/internal/service/book_mark_service.go:32.97,34.16 2 0
lesson01-ebvn/internal/service/book_mark_service.go:34.16,36.3 1 0
lesson01-ebvn/internal/service/book_mark_service.go:38.2,39.16 2 0
lesson01-ebvn/internal/service/book_mark_service.go:39.16,41.3 1 0
lesson01-ebvn/internal/service/book_mark_service.go:42.2,42.18 1 0
lesson01-ebvn/pkg/redis/client.go:15.44,17.16 2 0
lesson01-ebvn/pkg/redis/client.go:17.16,19.3 1 0
lesson01-ebvn/pkg/redis/client.go:20.2,25.64 2 0
lesson01-ebvn/pkg/redis/client.go:25.64,27.3 1 0
lesson01-ebvn/pkg/redis/client.go:28.2,29.42 2 0
lesson01-ebvn/pkg/redis/client.go:32.111,34.2 1 0
lesson01-ebvn/pkg/redis/client.go:36.76,38.2 1 0
lesson01-ebvn/pkg/redis/client.go:40.55,42.2 1 0
lesson01-ebvn/pkg/redis/config.go:13.49,16.16 3 0
lesson01-ebvn/pkg/redis/config.go:16.16,18.3 1 0
lesson01-ebvn/pkg/redis/config.go:19.2,19.18 1 0
lesson01-ebvn/utils/keys.go:11.52,13.24 2 0
lesson01-ebvn/utils/keys.go:13.24,15.17 2 0
lesson01-ebvn/utils/keys.go:15.17,17.4 1 0
lesson01-ebvn/utils/keys.go:18.3,18.35 1 0
lesson01-ebvn/utils/keys.go:20.2,20.28 1 0
lesson01-ebvn/docs/docs.go:71.13,73.2 1 1
lesson01-ebvn/internal/api/api.go:25.71,33.2 3 3
lesson01-ebvn/internal/api/api.go:36.32,38.2 1 0
lesson01-ebvn/internal/api/api.go:41.68,43.2 1 3
lesson01-ebvn/internal/api/api.go:46.31,53.2 6 3
lesson01-ebvn/internal/config/config.go:17.36,20.16 3 0
lesson01-ebvn/internal/config/config.go:20.16,22.3 1 0
lesson01-ebvn/internal/config/config.go:23.2,23.26 1 0
lesson01-ebvn/internal/config/config.go:23.26,25.3 1 0
lesson01-ebvn/internal/config/config.go:26.2,26.18 1 0
lesson01-ebvn/internal/handler/book_mark_handler.go:16.75,20.2 1 3
lesson01-ebvn/internal/handler/book_mark_handler.go:27.57,34.2 2 1
lesson01-ebvn/internal/handler/book_mark_handler.go:41.56,43.47 2 2
lesson01-ebvn/internal/handler/book_mark_handler.go:43.47,49.3 2 1
lesson01-ebvn/internal/handler/book_mark_handler.go:50.2,51.16 2 1
lesson01-ebvn/internal/handler/book_mark_handler.go:51.16,57.3 2 0
lesson01-ebvn/internal/handler/book_mark_handler.go:58.2,61.4 1 1
lesson01-ebvn/internal/repository/url_repo.go:14.51,16.2 1 3
lesson01-ebvn/internal/repository/url_repo.go:19.79,21.2 1 1
lesson01-ebvn/internal/repository/url_repo.go:24.72,26.2 1 0
lesson01-ebvn/internal/service/book_mark_service.go:18.86,24.2 1 3
lesson01-ebvn/internal/service/book_mark_service.go:27.60,29.2 1 1
lesson01-ebvn/internal/service/book_mark_service.go:32.97,34.16 2 1
lesson01-ebvn/internal/service/book_mark_service.go:34.16,36.3 1 0
lesson01-ebvn/internal/service/book_mark_service.go:38.2,39.16 2 1
lesson01-ebvn/internal/service/book_mark_service.go:39.16,41.3 1 0
lesson01-ebvn/internal/service/book_mark_service.go:42.2,42.18 1 1
lesson01-ebvn/pkg/redis/client.go:15.44,17.16 2 3
lesson01-ebvn/pkg/redis/client.go:17.16,19.3 1 0
lesson01-ebvn/pkg/redis/client.go:20.2,25.64 2 3
lesson01-ebvn/pkg/redis/client.go:25.64,27.3 1 0
lesson01-ebvn/pkg/redis/client.go:28.2,29.42 2 3
lesson01-ebvn/pkg/redis/client.go:32.111,34.2 1 1
lesson01-ebvn/pkg/redis/client.go:36.76,38.2 1 0
lesson01-ebvn/pkg/redis/client.go:40.55,42.2 1 0
lesson01-ebvn/pkg/redis/config.go:13.49,16.16 3 3
lesson01-ebvn/pkg/redis/config.go:16.16,18.3 1 0
lesson01-ebvn/pkg/redis/config.go:19.2,19.18 1 3
lesson01-ebvn/utils/keys.go:11.52,13.24 2 1
lesson01-ebvn/utils/keys.go:13.24,15.17 2 7
lesson01-ebvn/utils/keys.go:15.17,17.4 1 0
lesson01-ebvn/utils/keys.go:18.3,18.35 1 7
lesson01-ebvn/utils/keys.go:20.2,20.28 1 1
lesson01-ebvn/docs/docs.go:71.13,73.2 1 0
lesson01-ebvn/internal/api/api.go:25.71,33.2 3 0
lesson01-ebvn/internal/api/api.go:36.32,38.2 1 0
lesson01-ebvn/internal/api/api.go:41.68,43.2 1 0
lesson01-ebvn/internal/api/api.go:46.31,53.2 6 0
lesson01-ebvn/internal/config/config.go:17.36,20.16 3 0
lesson01-ebvn/internal/config/config.go:20.16,22.3 1 0
lesson01-ebvn/internal/config/config.go:23.2,23.26 1 0
lesson01-ebvn/internal/config/config.go:23.26,25.3 1 0
lesson01-ebvn/internal/config/config.go:26.2,26.18 1 0
lesson01-ebvn/internal/handler/book_mark_handler.go:16.75,20.2 1 0
lesson01-ebvn/internal/handler/book_mark_handler.go:27.57,34.2 2 0
lesson01-ebvn/internal/handler/book_mark_handler.go:41.56,43.47 2 0
lesson01-ebvn/internal/handler/book_mark_handler.go:43.47,49.3 2 0
lesson01-ebvn/internal/handler/book_mark_handler.go:50.2,51.16 2 0
lesson01-ebvn/internal/handler/book_mark_handler.go:51.16,57.3 2 0
lesson01-ebvn/internal/handler/book_mark_handler.go:58.2,61.4 1 0
lesson01-ebvn/internal/repository/url_repo.go:14.51,16.2 1 2
lesson01-ebvn/internal/repository/url_repo.go:19.79,21.2 1 2
lesson01-ebvn/internal/repository/url_repo.go:24.72,26.2 1 0
lesson01-ebvn/internal/service/book_mark_service.go:18.86,24.2 1 0
lesson01-ebvn/internal/service/book_mark_service.go:27.60,29.2 1 0
lesson01-ebvn/internal/service/book_mark_service.go:32.97,34.16 2 0
lesson01-ebvn/internal/service/book_mark_service.go:34.16,36.3 1 0
lesson01-ebvn/internal/service/book_mark_service.go:38.2,39.16 2 0
lesson01-ebvn/internal/service/book_mark_service.go:39.16,41.3 1 0
lesson01-ebvn/internal/service/book_mark_service.go:42.2,42.18 1 0
lesson01-ebvn/pkg/redis/client.go:15.44,17.16 2 0
lesson01-ebvn/pkg/redis/client.go:17.16,19.3 1 0
lesson01-ebvn/pkg/redis/client.go:20.2,25.64 2 0
lesson01-ebvn/pkg/redis/client.go:25.64,27.3 1 0
lesson01-ebvn/pkg/redis/client.go:28.2,29.42 2 0
lesson01-ebvn/pkg/redis/client.go:32.111,34.2 1 0
lesson01-ebvn/pkg/redis/client.go:36.76,38.2 1 0
lesson01-ebvn/pkg/redis/client.go:40.55,42.2 1 0
lesson01-ebvn/pkg/redis/config.go:13.49,16.16 3 0
lesson01-ebvn/pkg/redis/config.go:16.16,18.3 1 0
lesson01-ebvn/pkg/redis/config.go:19.2,19.18 1 0
lesson01-ebvn/utils/keys.go:11.52,13.24 2 0
lesson01-ebvn/utils/keys.go:13.24,15.17 2 0
lesson01-ebvn/utils/keys.go:15.17,17.4 1 0
lesson01-ebvn/utils/keys.go:18.3,18.35 1 0
lesson01-ebvn/utils/keys.go:20.2,20.28 1 0
lesson01-ebvn/docs/docs.go:71.13,73.2 1 0
lesson01-ebvn/internal/api/api.go:25.71,33.2 3 0
lesson01-ebvn/internal/api/api.go:36.32,38.2 1 0
lesson01-ebvn/internal/api/api.go:41.68,43.2 1 0
lesson01-ebvn/internal/api/api.go:46.31,53.2 6 0
lesson01-ebvn/internal/config/config.go:17.36,20.16 3 0
lesson01-ebvn/internal/config/config.go:20.16,22.3 1 0
lesson01-ebvn/internal/config/config.go:23.2,23.26 1 0
lesson01-ebvn/internal/config/config.go:23.26,25.3 1 0
lesson01-ebvn/internal/config/config.go:26.2,26.18 1 0
lesson01-ebvn/internal/handler/book_mark_handler.go:16.75,20.2 1 0
lesson01-ebvn/internal/handler/book_mark_handler.go:27.57,34.2 2 0
lesson01-ebvn/internal/handler/book_mark_handler.go:41.56,43.47 2 0
lesson01-ebvn/internal/handler/book_mark_handler.go:43.47,49.3 2 0
lesson01-ebvn/internal/handler/book_mark_handler.go:50.2,51.16 2 0
lesson01-ebvn/internal/handler/book_mark_handler.go:51.16,57.3 2 0
lesson01-ebvn/internal/handler/book_mark_handler.go:58.2,61.4 1 0
lesson01-ebvn/internal/repository/url_repo.go:14.51,16.2 1 0
lesson01-ebvn/internal/repository/url_repo.go:19.79,21.2 1 0
lesson01-ebvn/internal/repository/url_repo.go:24.72,26.2 1 0
lesson01-ebvn/internal/service/book_mark_service.go:18.86,24.2 1 6
lesson01-ebvn/internal/service/book_mark_service.go:27.60,29.2 1 4
lesson01-ebvn/internal/service/book_mark_service.go:32.97,34.16 2 2
lesson01-ebvn/internal/service/book_mark_service.go:34.16,36.3 1 0
lesson01-ebvn/internal/service/book_mark_service.go:38.2,39.16 2 2
lesson01-ebvn/internal/service/book_mark_service.go:39.16,41.3 1 1
lesson01-ebvn/internal/service/book_mark_service.go:42.2,42.18 1 1
lesson01-ebvn/pkg/redis/client.go:15.44,17.16 2 0
lesson01-ebvn/pkg/redis/client.go:17.16,19.3 1 0
lesson01-ebvn/pkg/redis/client.go:20.2,25.64 2 0
lesson01-ebvn/pkg/redis/client.go:25.64,27.3 1 0
lesson01-ebvn/pkg/redis/client.go:28.2,29.42 2 0
lesson01-ebvn/pkg/redis/client.go:32.111,34.2 1 0
lesson01-ebvn/pkg/redis/client.go:36.76,38.2 1 0
lesson01-ebvn/pkg/redis/client.go:40.55,42.2 1 0
lesson01-ebvn/pkg/redis/config.go:13.49,16.16 3 0
lesson01-ebvn/pkg/redis/config.go:16.16,18.3 1 0
lesson01-ebvn/pkg/redis/config.go:19.2,19.18 1 0
lesson01-ebvn/utils/keys.go:11.52,13.24 2 2
lesson01-ebvn/utils/keys.go:13.24,15.17 2 14
lesson01-ebvn/utils/keys.go:15.17,17.4 1 0
lesson01-ebvn/utils/keys.go:18.3,18.35 1 14
lesson01-ebvn/utils/keys.go:20.2,20.28 1 2
lesson01-ebvn/pkg/redis/client.go:15.44,17.16 2 0
lesson01-ebvn/pkg/redis/client.go:17.16,19.3 1 0
lesson01-ebvn/pkg/redis/client.go:20.2,25.64 2 0
lesson01-ebvn/pkg/redis/client.go:25.64,27.3 1 0
lesson01-ebvn/pkg/redis/client.go:28.2,29.42 2 0
lesson01-ebvn/pkg/redis/client.go:32.111,34.2 1 0
lesson01-ebvn/pkg/redis/client.go:36.76,38.2 1 0
lesson01-ebvn/pkg/redis/client.go:40.55,42.2 1 0
lesson01-ebvn/pkg/redis/config.go:13.49,16.16 3 0
lesson01-ebvn/pkg/redis/config.go:16.16,18.3 1 0
lesson01-ebvn/pkg/redis/config.go:19.2,19.18 1 0
lesson01-ebvn/docs/docs.go:53.13,55.2 1 0
lesson01-ebvn/internal/api/api.go:25.77,35.2 3 0
lesson01-ebvn/internal/api/api.go:38.32,40.2 1 0
lesson01-ebvn/internal/api/api.go:43.68,45.2 1 0
lesson01-ebvn/internal/api/api.go:48.31,55.2 6 0
lesson01-ebvn/internal/config/config.go:17.36,20.16 3 0
lesson01-ebvn/internal/config/config.go:20.16,22.3 1 0
lesson01-ebvn/internal/config/config.go:23.2,23.26 1 0
lesson01-ebvn/internal/config/config.go:23.26,25.3 1 0
lesson01-ebvn/internal/config/config.go:26.2,26.18 1 0
lesson01-ebvn/internal/handler/book_mark_handler.go:16.75,20.2 1 0
lesson01-ebvn/internal/handler/book_mark_handler.go:27.57,34.2 2 0
lesson01-ebvn/internal/handler/book_mark_handler.go:41.56,43.47 2 0
lesson01-ebvn/internal/handler/book_mark_handler.go:43.47,49.3 2 0
lesson01-ebvn/internal/handler/book_mark_handler.go:50.2,51.16 2 0
lesson01-ebvn/internal/handler/book_mark_handler.go:51.16,57.3 2 0
lesson01-ebvn/internal/handler/book_mark_handler.go:58.2,61.4 1 0
lesson01-ebvn/internal/repository/url_repo.go:15.51,17.2 1 0
lesson01-ebvn/internal/repository/url_repo.go:20.79,22.2 1 0
lesson01-ebvn/internal/repository/url_repo.go:25.72,27.2 1 0
lesson01-ebvn/internal/service/book_mark_service.go:18.86,24.2 1 0
lesson01-ebvn/internal/service/book_mark_service.go:27.60,29.2 1 0
lesson01-ebvn/internal/service/book_mark_service.go:32.97,34.16 2 0
lesson01-ebvn/internal/service/book_mark_service.go:34.16,36.3 1 0
lesson01-ebvn/internal/service/book_mark_service.go:38.2,39.16 2 0
lesson01-ebvn/internal/service/book_mark_service.go:39.16,41.3 1 0
lesson01-ebvn/internal/service/book_mark_service.go:42.2,42.18 1 0
lesson01-ebvn/pkg/redis/client.go:16.44,18.16 2 0
lesson01-ebvn/pkg/redis/client.go:18.16,20.3 1 0
lesson01-ebvn/pkg/redis/client.go:21.2,26.64 2 0
lesson01-ebvn/pkg/redis/client.go:26.64,28.3 1 0
lesson01-ebvn/pkg/redis/client.go:29.2,30.42 2 0
lesson01-ebvn/pkg/redis/client.go:34.111,36.2 1 0
lesson01-ebvn/pkg/redis/client.go:39.76,41.2 1 0
lesson01-ebvn/pkg/redis/client.go:44.55,46.2 1 0
lesson01-ebvn/pkg/redis/config.go:13.49,16.16 3 0
lesson01-ebvn/pkg/redis/config.go:16.16,18.3 1 0
lesson01-ebvn/pkg/redis/config.go:19.2,19.18 1 0
lesson01-ebvn/utils/keys.go:11.52,13.24 2 3
lesson01-ebvn/utils/keys.go:13.24,15.17 2 17
lesson01-ebvn/utils/keys.go:15.17,17.4 1 0
lesson01-ebvn/utils/keys.go:18.3,18.35 1 17
lesson01-ebvn/utils/keys.go:20.2,20.28 1 3
