mode: atomic
lesson01-ebvn/docs/docs.go:157.13,159.2 1 0
lesson01-ebvn/internal/api/api.go:25.71,33.2 3 0
lesson01-ebvn/internal/api/api.go:36.32,38.2 1 0
lesson01-ebvn/internal/api/api.go:41.68,43.2 1 0
lesson01-ebvn/internal/api/api.go:46.31,54.2 7 0
lesson01-ebvn/internal/config/config.go:18.36,21.16 3 0
lesson01-ebvn/internal/config/config.go:21.16,23.3 1 0
lesson01-ebvn/internal/config/config.go:24.2,24.26 1 0
lesson01-ebvn/internal/config/config.go:24.26,26.3 1 0
lesson01-ebvn/internal/config/config.go:27.2,27.18 1 0
lesson01-ebvn/docs/docs.go:157.13,159.2 1 0
lesson01-ebvn/internal/api/api.go:25.71,33.2 3 0
lesson01-ebvn/internal/api/api.go:36.32,38.2 1 0
lesson01-ebvn/internal/api/api.go:41.68,43.2 1 0
lesson01-ebvn/internal/api/api.go:46.31,54.2 7 0
lesson01-ebvn/internal/config/config.go:18.36,21.16 3 0
lesson01-ebvn/internal/config/config.go:21.16,23.3 1 0
lesson01-ebvn/internal/config/config.go:24.2,24.26 1 0
lesson01-ebvn/internal/config/config.go:24.26,26.3 1 0
lesson01-ebvn/internal/config/config.go:27.2,27.18 1 0
lesson01-ebvn/internal/handler/book_mark_handler.go:18.75,22.2 1 7
lesson01-ebvn/internal/handler/book_mark_handler.go:29.57,36.2 2 1
lesson01-ebvn/internal/handler/book_mark_handler.go:44.56,46.47 2 3
lesson01-ebvn/internal/handler/book_mark_handler.go:46.47,52.3 2 1
lesson01-ebvn/internal/handler/book_mark_handler.go:53.2,54.16 2 2
lesson01-ebvn/internal/handler/book_mark_handler.go:54.16,61.3 3 1
lesson01-ebvn/internal/handler/book_mark_handler.go:62.2,65.4 1 1
lesson01-ebvn/internal/handler/book_mark_handler.go:80.54,82.16 2 3
lesson01-ebvn/internal/handler/book_mark_handler.go:82.16,87.3 2 0
lesson01-ebvn/internal/handler/book_mark_handler.go:88.2,89.16 2 3
lesson01-ebvn/internal/handler/book_mark_handler.go:89.16,91.44 2 2
lesson01-ebvn/internal/handler/book_mark_handler.go:91.44,96.4 2 1
lesson01-ebvn/internal/handler/book_mark_handler.go:98.3,101.9 2 1
lesson01-ebvn/internal/handler/book_mark_handler.go:103.2,103.49 1 1
lesson01-ebvn/internal/repository/url_repo.go:14.51,16.2 1 0
lesson01-ebvn/internal/repository/url_repo.go:19.79,21.2 1 0
lesson01-ebvn/internal/repository/url_repo.go:24.72,26.2 1 0
lesson01-ebvn/internal/service/book_mark_service.go:24.86,30.2 1 0
lesson01-ebvn/internal/service/book_mark_service.go:33.60,35.2 1 0
lesson01-ebvn/internal/service/book_mark_service.go:38.97,40.16 2 0
lesson01-ebvn/internal/service/book_mark_service.go:40.16,42.3 1 0
lesson01-ebvn/internal/service/book_mark_service.go:44.2,45.16 2 0
lesson01-ebvn/internal/service/book_mark_service.go:45.16,47.3 1 0
lesson01-ebvn/internal/service/book_mark_service.go:48.2,48.18 1 0
lesson01-ebvn/internal/service/book_mark_service.go:52.84,54.16 2 0
lesson01-ebvn/internal/service/book_mark_service.go:54.16,55.32 1 0
lesson01-ebvn/internal/service/book_mark_service.go:55.32,57.4 1 0
lesson01-ebvn/internal/service/book_mark_service.go:59.2,59.17 1 0
lesson01-ebvn/pkg/logger/level.go:5.32,7.15 2 0
lesson01-ebvn/pkg/logger/level.go:8.15,9.45 1 0
lesson01-ebvn/pkg/logger/level.go:10.14,11.44 1 0
lesson01-ebvn/pkg/logger/level.go:12.14,13.44 1 0
lesson01-ebvn/pkg/logger/level.go:14.15,15.45 1 0
lesson01-ebvn/pkg/logger/level.go:16.15,17.45 1 0
lesson01-ebvn/pkg/logger/level.go:18.15,19.45 1 0
lesson01-ebvn/pkg/logger/level.go:20.10,21.45 1 0
lesson01-ebvn/pkg/redis/client.go:15.44,17.16 2 0
lesson01-ebvn/pkg/redis/client.go:17.16,19.3 1 0
lesson01-ebvn/pkg/redis/client.go:20.2,25.64 2 0
lesson01-ebvn/pkg/redis/client.go:25.64,27.3 1 0
lesson01-ebvn/pkg/redis/client.go:28.2,29.42 2 0
lesson01-ebvn/pkg/redis/client.go:32.111,34.2 1 0
lesson01-ebvn/pkg/redis/client.go:36.76,38.2 1 0
lesson01-ebvn/pkg/redis/client.go:40.55,42.2 1 0
lesson01-ebvn/pkg/redis/config.go:13.49,16.16 3 0
lesson01-ebvn/pkg/redis/config.go:16.16,18.3 1 0
lesson01-ebvn/pkg/redis/config.go:19.2,19.18 1 0
lesson01-ebvn/utils/keys.go:11.52,13.24 2 0
lesson01-ebvn/utils/keys.go:13.24,15.17 2 0
lesson01-ebvn/utils/keys.go:15.17,17.4 1 0
lesson01-ebvn/utils/keys.go:18.3,18.35 1 0
lesson01-ebvn/utils/keys.go:20.2,20.28 1 0
lesson01-ebvn/docs/docs.go:157.13,159.2 1 1
lesson01-ebvn/internal/api/api.go:25.71,33.2 3 5
lesson01-ebvn/internal/api/api.go:36.32,38.2 1 0
lesson01-ebvn/internal/api/api.go:41.68,43.2 1 6
lesson01-ebvn/internal/api/api.go:46.31,54.2 7 5
lesson01-ebvn/internal/config/config.go:18.36,21.16 3 0
lesson01-ebvn/internal/config/config.go:21.16,23.3 1 0
lesson01-ebvn/internal/config/config.go:24.2,24.26 1 0
lesson01-ebvn/internal/config/config.go:24.26,26.3 1 0
lesson01-ebvn/internal/config/config.go:27.2,27.18 1 0
lesson01-ebvn/internal/handler/book_mark_handler.go:18.75,22.2 1 5
lesson01-ebvn/internal/handler/book_mark_handler.go:29.57,36.2 2 1
lesson01-ebvn/internal/handler/book_mark_handler.go:44.56,46.47 2 3
lesson01-ebvn/internal/handler/book_mark_handler.go:46.47,52.3 2 1
lesson01-ebvn/internal/handler/book_mark_handler.go:53.2,54.16 2 2
lesson01-ebvn/internal/handler/book_mark_handler.go:54.16,61.3 3 0
lesson01-ebvn/internal/handler/book_mark_handler.go:62.2,65.4 1 2
lesson01-ebvn/internal/handler/book_mark_handler.go:80.54,82.16 2 2
lesson01-ebvn/internal/handler/book_mark_handler.go:82.16,87.3 2 0
lesson01-ebvn/internal/handler/book_mark_handler.go:88.2,89.16 2 2
lesson01-ebvn/internal/handler/book_mark_handler.go:89.16,91.44 2 1
lesson01-ebvn/internal/handler/book_mark_handler.go:91.44,96.4 2 1
lesson01-ebvn/internal/handler/book_mark_handler.go:98.3,101.9 2 0
lesson01-ebvn/internal/handler/book_mark_handler.go:103.2,103.49 1 1
lesson01-ebvn/internal/repository/url_repo.go:14.51,16.2 1 5
lesson01-ebvn/internal/repository/url_repo.go:19.79,21.2 1 2
lesson01-ebvn/internal/repository/url_repo.go:24.72,26.2 1 2
lesson01-ebvn/internal/service/book_mark_service.go:24.86,30.2 1 5
lesson01-ebvn/internal/service/book_mark_service.go:33.60,35.2 1 1
lesson01-ebvn/internal/service/book_mark_service.go:38.97,40.16 2 2
lesson01-ebvn/internal/service/book_mark_service.go:40.16,42.3 1 0
lesson01-ebvn/internal/service/book_mark_service.go:44.2,45.16 2 2
lesson01-ebvn/internal/service/book_mark_service.go:45.16,47.3 1 0
lesson01-ebvn/internal/service/book_mark_service.go:48.2,48.18 1 2
lesson01-ebvn/internal/service/book_mark_service.go:52.84,54.16 2 2
lesson01-ebvn/internal/service/book_mark_service.go:54.16,55.32 1 1
lesson01-ebvn/internal/service/book_mark_service.go:55.32,57.4 1 1
lesson01-ebvn/internal/service/book_mark_service.go:59.2,59.17 1 1
lesson01-ebvn/pkg/logger/level.go:5.32,7.15 2 0
lesson01-ebvn/pkg/logger/level.go:8.15,9.45 1 0
lesson01-ebvn/pkg/logger/level.go:10.14,11.44 1 0
lesson01-ebvn/pkg/logger/level.go:12.14,13.44 1 0
lesson01-ebvn/pkg/logger/level.go:14.15,15.45 1 0
lesson01-ebvn/pkg/logger/level.go:16.15,17.45 1 0
lesson01-ebvn/pkg/logger/level.go:18.15,19.45 1 0
lesson01-ebvn/pkg/logger/level.go:20.10,21.45 1 0
lesson01-ebvn/pkg/redis/client.go:15.44,17.16 2 5
lesson01-ebvn/pkg/redis/client.go:17.16,19.3 1 0
lesson01-ebvn/pkg/redis/client.go:20.2,25.64 2 5
lesson01-ebvn/pkg/redis/client.go:25.64,27.3 1 0
lesson01-ebvn/pkg/redis/client.go:28.2,29.42 2 5
lesson01-ebvn/pkg/redis/client.go:32.111,34.2 1 2
lesson01-ebvn/pkg/redis/client.go:36.76,38.2 1 2
lesson01-ebvn/pkg/redis/client.go:40.55,42.2 1 0
lesson01-ebvn/pkg/redis/config.go:13.49,16.16 3 5
lesson01-ebvn/pkg/redis/config.go:16.16,18.3 1 0
lesson01-ebvn/pkg/redis/config.go:19.2,19.18 1 5
lesson01-ebvn/utils/keys.go:11.52,13.24 2 2
lesson01-ebvn/utils/keys.go:13.24,15.17 2 14
lesson01-ebvn/utils/keys.go:15.17,17.4 1 0
lesson01-ebvn/utils/keys.go:18.3,18.35 1 14
lesson01-ebvn/utils/keys.go:20.2,20.28 1 2
lesson01-ebvn/docs/docs.go:157.13,159.2 1 0
lesson01-ebvn/internal/api/api.go:25.71,33.2 3 0
lesson01-ebvn/internal/api/api.go:36.32,38.2 1 0
lesson01-ebvn/internal/api/api.go:41.68,43.2 1 0
lesson01-ebvn/internal/api/api.go:46.31,54.2 7 0
lesson01-ebvn/internal/config/config.go:18.36,21.16 3 0
lesson01-ebvn/internal/config/config.go:21.16,23.3 1 0
lesson01-ebvn/internal/config/config.go:24.2,24.26 1 0
lesson01-ebvn/internal/config/config.go:24.26,26.3 1 0
lesson01-ebvn/internal/config/config.go:27.2,27.18 1 0
lesson01-ebvn/internal/handler/book_mark_handler.go:18.75,22.2 1 0
lesson01-ebvn/internal/handler/book_mark_handler.go:29.57,36.2 2 0
lesson01-ebvn/internal/handler/book_mark_handler.go:44.56,46.47 2 0
lesson01-ebvn/internal/handler/book_mark_handler.go:46.47,52.3 2 0
lesson01-ebvn/internal/handler/book_mark_handler.go:53.2,54.16 2 0
lesson01-ebvn/internal/handler/book_mark_handler.go:54.16,61.3 3 0
lesson01-ebvn/internal/handler/book_mark_handler.go:62.2,65.4 1 0
lesson01-ebvn/internal/handler/book_mark_handler.go:80.54,82.16 2 0
lesson01-ebvn/internal/handler/book_mark_handler.go:82.16,87.3 2 0
lesson01-ebvn/internal/handler/book_mark_handler.go:88.2,89.16 2 0
lesson01-ebvn/internal/handler/book_mark_handler.go:89.16,91.44 2 0
lesson01-ebvn/internal/handler/book_mark_handler.go:91.44,96.4 2 0
lesson01-ebvn/internal/handler/book_mark_handler.go:98.3,101.9 2 0
lesson01-ebvn/internal/handler/book_mark_handler.go:103.2,103.49 1 0
lesson01-ebvn/internal/repository/url_repo.go:14.51,16.2 1 2
lesson01-ebvn/internal/repository/url_repo.go:19.79,21.2 1 2
lesson01-ebvn/internal/repository/url_repo.go:24.72,26.2 1 0
lesson01-ebvn/internal/service/book_mark_service.go:24.86,30.2 1 0
lesson01-ebvn/internal/service/book_mark_service.go:33.60,35.2 1 0
lesson01-ebvn/internal/service/book_mark_service.go:38.97,40.16 2 0
lesson01-ebvn/internal/service/book_mark_service.go:40.16,42.3 1 0
lesson01-ebvn/internal/service/book_mark_service.go:44.2,45.16 2 0
lesson01-ebvn/internal/service/book_mark_service.go:45.16,47.3 1 0
lesson01-ebvn/internal/service/book_mark_service.go:48.2,48.18 1 0
lesson01-ebvn/internal/service/book_mark_service.go:52.84,54.16 2 0
lesson01-ebvn/internal/service/book_mark_service.go:54.16,55.32 1 0
lesson01-ebvn/internal/service/book_mark_service.go:55.32,57.4 1 0
lesson01-ebvn/internal/service/book_mark_service.go:59.2,59.17 1 0
lesson01-ebvn/pkg/logger/level.go:5.32,7.15 2 0
lesson01-ebvn/pkg/logger/level.go:8.15,9.45 1 0
lesson01-ebvn/pkg/logger/level.go:10.14,11.44 1 0
lesson01-ebvn/pkg/logger/level.go:12.14,13.44 1 0
lesson01-ebvn/pkg/logger/level.go:14.15,15.45 1 0
lesson01-ebvn/pkg/logger/level.go:16.15,17.45 1 0
lesson01-ebvn/pkg/logger/level.go:18.15,19.45 1 0
lesson01-ebvn/pkg/logger/level.go:20.10,21.45 1 0
lesson01-ebvn/pkg/redis/client.go:15.44,17.16 2 0
lesson01-ebvn/pkg/redis/client.go:17.16,19.3 1 0
lesson01-ebvn/pkg/redis/client.go:20.2,25.64 2 0
lesson01-ebvn/pkg/redis/client.go:25.64,27.3 1 0
lesson01-ebvn/pkg/redis/client.go:28.2,29.42 2 0
lesson01-ebvn/pkg/redis/client.go:32.111,34.2 1 0
lesson01-ebvn/pkg/redis/client.go:36.76,38.2 1 0
lesson01-ebvn/pkg/redis/client.go:40.55,42.2 1 0
lesson01-ebvn/pkg/redis/config.go:13.49,16.16 3 0
lesson01-ebvn/pkg/redis/config.go:16.16,18.3 1 0
lesson01-ebvn/pkg/redis/config.go:19.2,19.18 1 0
lesson01-ebvn/utils/keys.go:11.52,13.24 2 0
lesson01-ebvn/utils/keys.go:13.24,15.17 2 0
lesson01-ebvn/utils/keys.go:15.17,17.4 1 0
lesson01-ebvn/utils/keys.go:18.3,18.35 1 0
lesson01-ebvn/utils/keys.go:20.2,20.28 1 0
lesson01-ebvn/docs/docs.go:157.13,159.2 1 0
lesson01-ebvn/internal/api/api.go:25.71,33.2 3 0
lesson01-ebvn/internal/api/api.go:36.32,38.2 1 0
lesson01-ebvn/internal/api/api.go:41.68,43.2 1 0
lesson01-ebvn/internal/api/api.go:46.31,54.2 7 0
lesson01-ebvn/internal/config/config.go:18.36,21.16 3 0
lesson01-ebvn/internal/config/config.go:21.16,23.3 1 0
lesson01-ebvn/internal/config/config.go:24.2,24.26 1 0
lesson01-ebvn/internal/config/config.go:24.26,26.3 1 0
lesson01-ebvn/internal/config/config.go:27.2,27.18 1 0
lesson01-ebvn/internal/handler/book_mark_handler.go:18.75,22.2 1 0
lesson01-ebvn/internal/handler/book_mark_handler.go:29.57,36.2 2 0
lesson01-ebvn/internal/handler/book_mark_handler.go:44.56,46.47 2 0
lesson01-ebvn/internal/handler/book_mark_handler.go:46.47,52.3 2 0
lesson01-ebvn/internal/handler/book_mark_handler.go:53.2,54.16 2 0
lesson01-ebvn/internal/handler/book_mark_handler.go:54.16,61.3 3 0
lesson01-ebvn/internal/handler/book_mark_handler.go:62.2,65.4 1 0
lesson01-ebvn/internal/handler/book_mark_handler.go:80.54,82.16 2 0
lesson01-ebvn/internal/handler/book_mark_handler.go:82.16,87.3 2 0
lesson01-ebvn/internal/handler/book_mark_handler.go:88.2,89.16 2 0
lesson01-ebvn/internal/handler/book_mark_handler.go:89.16,91.44 2 0
lesson01-ebvn/internal/handler/book_mark_handler.go:91.44,96.4 2 0
lesson01-ebvn/internal/handler/book_mark_handler.go:98.3,101.9 2 0
lesson01-ebvn/internal/handler/book_mark_handler.go:103.2,103.49 1 0
lesson01-ebvn/internal/repository/url_repo.go:14.51,16.2 1 0
lesson01-ebvn/internal/repository/url_repo.go:19.79,21.2 1 0
lesson01-ebvn/internal/repository/url_repo.go:24.72,26.2 1 0
lesson01-ebvn/internal/service/book_mark_service.go:24.86,30.2 1 9
lesson01-ebvn/internal/service/book_mark_service.go:33.60,35.2 1 4
lesson01-ebvn/internal/service/book_mark_service.go:38.97,40.16 2 2
lesson01-ebvn/internal/service/book_mark_service.go:40.16,42.3 1 0
lesson01-ebvn/internal/service/book_mark_service.go:44.2,45.16 2 2
lesson01-ebvn/internal/service/book_mark_service.go:45.16,47.3 1 1
lesson01-ebvn/internal/service/book_mark_service.go:48.2,48.18 1 1
lesson01-ebvn/internal/service/book_mark_service.go:52.84,54.16 2 3
lesson01-ebvn/internal/service/book_mark_service.go:54.16,55.32 1 2
lesson01-ebvn/internal/service/book_mark_service.go:55.32,57.4 1 1
lesson01-ebvn/internal/service/book_mark_service.go:59.2,59.17 1 2
lesson01-ebvn/pkg/logger/level.go:5.32,7.15 2 0
lesson01-ebvn/pkg/logger/level.go:8.15,9.45 1 0
lesson01-ebvn/pkg/logger/level.go:10.14,11.44 1 0
lesson01-ebvn/pkg/logger/level.go:12.14,13.44 1 0
lesson01-ebvn/pkg/logger/level.go:14.15,15.45 1 0
lesson01-ebvn/pkg/logger/level.go:16.15,17.45 1 0
lesson01-ebvn/pkg/logger/level.go:18.15,19.45 1 0
lesson01-ebvn/pkg/logger/level.go:20.10,21.45 1 0
lesson01-ebvn/pkg/redis/client.go:15.44,17.16 2 0
lesson01-ebvn/pkg/redis/client.go:17.16,19.3 1 0
lesson01-ebvn/pkg/redis/client.go:20.2,25.64 2 0
lesson01-ebvn/pkg/redis/client.go:25.64,27.3 1 0
lesson01-ebvn/pkg/redis/client.go:28.2,29.42 2 0
lesson01-ebvn/pkg/redis/client.go:32.111,34.2 1 0
lesson01-ebvn/pkg/redis/client.go:36.76,38.2 1 0
lesson01-ebvn/pkg/redis/client.go:40.55,42.2 1 0
lesson01-ebvn/pkg/redis/config.go:13.49,16.16 3 0
lesson01-ebvn/pkg/redis/config.go:16.16,18.3 1 0
lesson01-ebvn/pkg/redis/config.go:19.2,19.18 1 0
lesson01-ebvn/utils/keys.go:11.52,13.24 2 2
lesson01-ebvn/utils/keys.go:13.24,15.17 2 14
lesson01-ebvn/utils/keys.go:15.17,17.4 1 0
lesson01-ebvn/utils/keys.go:18.3,18.35 1 14
lesson01-ebvn/utils/keys.go:20.2,20.28 1 2
lesson01-ebvn/pkg/logger/level.go:5.32,7.15 2 0
lesson01-ebvn/pkg/logger/level.go:8.15,9.45 1 0
lesson01-ebvn/pkg/logger/level.go:10.14,11.44 1 0
lesson01-ebvn/pkg/logger/level.go:12.14,13.44 1 0
lesson01-ebvn/pkg/logger/level.go:14.15,15.45 1 0
lesson01-ebvn/pkg/logger/level.go:16.15,17.45 1 0
lesson01-ebvn/pkg/logger/level.go:18.15,19.45 1 0
lesson01-ebvn/pkg/logger/level.go:20.10,21.45 1 0
lesson01-ebvn/pkg/redis/client.go:15.44,17.16 2 0
lesson01-ebvn/pkg/redis/client.go:17.16,19.3 1 0
lesson01-ebvn/pkg/redis/client.go:20.2,25.64 2 0
lesson01-ebvn/pkg/redis/client.go:25.64,27.3 1 0
lesson01-ebvn/pkg/redis/client.go:28.2,29.42 2 0
lesson01-ebvn/pkg/redis/client.go:32.111,34.2 1 0
lesson01-ebvn/pkg/redis/client.go:36.76,38.2 1 0
lesson01-ebvn/pkg/redis/client.go:40.55,42.2 1 0
lesson01-ebvn/pkg/redis/config.go:13.49,16.16 3 0
lesson01-ebvn/pkg/redis/config.go:16.16,18.3 1 0
lesson01-ebvn/pkg/redis/config.go:19.2,19.18 1 0
lesson01-ebvn/docs/docs.go:157.13,159.2 1 0
lesson01-ebvn/internal/api/api.go:25.71,33.2 3 0
lesson01-ebvn/internal/api/api.go:36.32,38.2 1 0
lesson01-ebvn/internal/api/api.go:41.68,43.2 1 0
lesson01-ebvn/internal/api/api.go:46.31,54.2 7 0
lesson01-ebvn/internal/config/config.go:18.36,21.16 3 0
lesson01-ebvn/internal/config/config.go:21.16,23.3 1 0
lesson01-ebvn/internal/config/config.go:24.2,24.26 1 0
lesson01-ebvn/internal/config/config.go:24.26,26.3 1 0
lesson01-ebvn/internal/config/config.go:27.2,27.18 1 0
lesson01-ebvn/internal/handler/book_mark_handler.go:18.75,22.2 1 0
lesson01-ebvn/internal/handler/book_mark_handler.go:29.57,36.2 2 0
lesson01-ebvn/internal/handler/book_mark_handler.go:44.56,46.47 2 0
lesson01-ebvn/internal/handler/book_mark_handler.go:46.47,52.3 2 0
lesson01-ebvn/internal/handler/book_mark_handler.go:53.2,54.16 2 0
lesson01-ebvn/internal/handler/book_mark_handler.go:54.16,61.3 3 0
lesson01-ebvn/internal/handler/book_mark_handler.go:62.2,65.4 1 0
lesson01-ebvn/internal/handler/book_mark_handler.go:80.54,82.16 2 0
lesson01-ebvn/internal/handler/book_mark_handler.go:82.16,87.3 2 0
lesson01-ebvn/internal/handler/book_mark_handler.go:88.2,89.16 2 0
lesson01-ebvn/internal/handler/book_mark_handler.go:89.16,91.44 2 0
lesson01-ebvn/internal/handler/book_mark_handler.go:91.44,96.4 2 0
lesson01-ebvn/internal/handler/book_mark_handler.go:98.3,101.9 2 0
lesson01-ebvn/internal/handler/book_mark_handler.go:103.2,103.49 1 0
lesson01-ebvn/internal/repository/url_repo.go:14.51,16.2 1 0
lesson01-ebvn/internal/repository/url_repo.go:19.79,21.2 1 0
lesson01-ebvn/internal/repository/url_repo.go:24.72,26.2 1 0
lesson01-ebvn/internal/service/book_mark_service.go:24.86,30.2 1 0
lesson01-ebvn/internal/service/book_mark_service.go:33.60,35.2 1 0
lesson01-ebvn/internal/service/book_mark_service.go:38.97,40.16 2 0
lesson01-ebvn/internal/service/book_mark_service.go:40.16,42.3 1 0
lesson01-ebvn/internal/service/book_mark_service.go:44.2,45.16 2 0
lesson01-ebvn/internal/service/book_mark_service.go:45.16,47.3 1 0
lesson01-ebvn/internal/service/book_mark_service.go:48.2,48.18 1 0
lesson01-ebvn/internal/service/book_mark_service.go:52.84,54.16 2 0
lesson01-ebvn/internal/service/book_mark_service.go:54.16,55.32 1 0
lesson01-ebvn/internal/service/book_mark_service.go:55.32,57.4 1 0
lesson01-ebvn/internal/service/book_mark_service.go:59.2,59.17 1 0
lesson01-ebvn/pkg/logger/level.go:5.32,7.15 2 0
lesson01-ebvn/pkg/logger/level.go:8.15,9.45 1 0
lesson01-ebvn/pkg/logger/level.go:10.14,11.44 1 0
lesson01-ebvn/pkg/logger/level.go:12.14,13.44 1 0
lesson01-ebvn/pkg/logger/level.go:14.15,15.45 1 0
lesson01-ebvn/pkg/logger/level.go:16.15,17.45 1 0
lesson01-ebvn/pkg/logger/level.go:18.15,19.45 1 0
lesson01-ebvn/pkg/logger/level.go:20.10,21.45 1 0
lesson01-ebvn/pkg/redis/client.go:15.44,17.16 2 0
lesson01-ebvn/pkg/redis/client.go:17.16,19.3 1 0
lesson01-ebvn/pkg/redis/client.go:20.2,25.64 2 0
lesson01-ebvn/pkg/redis/client.go:25.64,27.3 1 0
lesson01-ebvn/pkg/redis/client.go:28.2,29.42 2 0
lesson01-ebvn/pkg/redis/client.go:32.111,34.2 1 0
lesson01-ebvn/pkg/redis/client.go:36.76,38.2 1 0
lesson01-ebvn/pkg/redis/client.go:40.55,42.2 1 0
lesson01-ebvn/pkg/redis/config.go:13.49,16.16 3 0
lesson01-ebvn/pkg/redis/config.go:16.16,18.3 1 0
lesson01-ebvn/pkg/redis/config.go:19.2,19.18 1 0
lesson01-ebvn/utils/keys.go:11.52,13.24 2 3
lesson01-ebvn/utils/keys.go:13.24,15.17 2 17
lesson01-ebvn/utils/keys.go:15.17,17.4 1 0
lesson01-ebvn/utils/keys.go:18.3,18.35 1 17
lesson01-ebvn/utils/keys.go:20.2,20.28 1 3
